[debug] [2022-04-25T16:12:55.891Z] ----------------------------------------------------------------------
[debug] [2022-04-25T16:12:55.895Z] Command:       C:\Program Files (x86)\nodejs\node.exe C:\Users\pritam\AppData\Roaming\npm\node_modules\firebase-tools\lib\bin\firebase.js deploy --token $FIREBASE_TOKEN
[debug] [2022-04-25T16:12:55.895Z] CLI Version:   10.7.1
[debug] [2022-04-25T16:12:55.895Z] Platform:      win32
[debug] [2022-04-25T16:12:55.895Z] Node Version:  v16.0.0
[debug] [2022-04-25T16:12:55.897Z] Time:          Mon Apr 25 2022 21:42:55 GMT+0530 (India Standard Time)
[debug] [2022-04-25T16:12:55.897Z] ----------------------------------------------------------------------
[debug] 
[debug] [2022-04-25T16:12:56.033Z] > command requires scopes: ["email","openid","https://www.googleapis.com/auth/cloudplatformprojects.readonly","https://www.googleapis.com/auth/firebase","https://www.googleapis.com/auth/cloud-platform"]
[debug] [2022-04-25T16:12:56.033Z] > authorizing via --token option
[debug] [2022-04-25T16:12:56.034Z] [iam] checking project awesome-app-376e4 for permissions ["firebase.projects.get","firebasehosting.sites.update"]
[debug] [2022-04-25T16:12:56.036Z] > refreshing access token with scopes: []
[debug] [2022-04-25T16:12:56.037Z] >>> HTTP REQUEST POST https://www.googleapis.com/oauth2/v3/token  
 <request body omitted>
[debug] [2022-04-25T16:12:56.246Z] <<< HTTP RESPONSE 400 {"cache-control":"no-cache, no-store, max-age=0, must-revalidate","date":"Mon, 25 Apr 2022 16:12:55 GMT","expires":"Mon, 01 Jan 1990 00:00:00 GMT","pragma":"no-cache","content-type":"application/json; charset=utf-8","vary":"X-Origin, Referer, Origin,Accept-Encoding","server":"scaffolding on HTTPServer2","x-xss-protection":"0","x-frame-options":"SAMEORIGIN","x-content-type-options":"nosniff","alt-svc":"h3=\":443\"; ma=2592000,h3-29=\":443\"; ma=2592000,h3-Q050=\":443\"; ma=2592000,h3-Q046=\":443\"; ma=2592000,h3-Q043=\":443\"; ma=2592000,quic=\":443\"; ma=2592000; v=\"46,43\"","accept-ranges":"none","transfer-encoding":"chunked"}
[debug] [2022-04-25T16:12:56.249Z] >>> [apiv2][query] POST https://cloudresourcemanager.googleapis.com/v1/projects/awesome-app-376e4:testIamPermissions [none]
[debug] [2022-04-25T16:12:56.249Z] >>> [apiv2][body] POST https://cloudresourcemanager.googleapis.com/v1/projects/awesome-app-376e4:testIamPermissions {"permissions":["firebase.projects.get","firebasehosting.sites.update"]}
[debug] [2022-04-25T16:12:57.642Z] <<< [apiv2][status] POST https://cloudresourcemanager.googleapis.com/v1/projects/awesome-app-376e4:testIamPermissions 401
[debug] [2022-04-25T16:12:57.642Z] <<< [apiv2][body] POST https://cloudresourcemanager.googleapis.com/v1/projects/awesome-app-376e4:testIamPermissions {"error":{"code":401,"message":"Request had invalid authentication credentials. Expected OAuth 2 access token, login cookie or other valid authentication credential. See https://developers.google.com/identity/sign-in/web/devconsole-project.","status":"UNAUTHENTICATED","details":[{"@type":"type.googleapis.com/google.rpc.ErrorInfo","reason":"ACCESS_TOKEN_TYPE_UNSUPPORTED","metadata":{"method":"google.cloudresourcemanager.v1.Projects.TestIamPermissions","service":"cloudresourcemanager.googleapis.com"}}]}}
[debug] [2022-04-25T16:12:57.644Z] [iam] error while checking permissions, command may fail: FirebaseError: HTTP Error: 401, Request had invalid authentication credentials. Expected OAuth 2 access token, login cookie or other valid authentication credential. See https://developers.google.com/identity/sign-in/web/devconsole-project.
[debug] [2022-04-25T16:12:57.645Z] > refreshing access token with scopes: []
[debug] [2022-04-25T16:12:57.645Z] >>> HTTP REQUEST POST https://www.googleapis.com/oauth2/v3/token  
 <request body omitted>
[debug] [2022-04-25T16:12:57.793Z] <<< HTTP RESPONSE 400 {"date":"Mon, 25 Apr 2022 16:12:57 GMT","pragma":"no-cache","expires":"Mon, 01 Jan 1990 00:00:00 GMT","cache-control":"no-cache, no-store, max-age=0, must-revalidate","content-type":"application/json; charset=utf-8","vary":"X-Origin, Referer, Origin,Accept-Encoding","server":"scaffolding on HTTPServer2","x-xss-protection":"0","x-frame-options":"SAMEORIGIN","x-content-type-options":"nosniff","alt-svc":"h3=\":443\"; ma=2592000,h3-29=\":443\"; ma=2592000,h3-Q050=\":443\"; ma=2592000,h3-Q046=\":443\"; ma=2592000,h3-Q043=\":443\"; ma=2592000,quic=\":443\"; ma=2592000; v=\"46,43\"","accept-ranges":"none","transfer-encoding":"chunked"}
[debug] [2022-04-25T16:12:57.794Z] >>> [apiv2][query] GET https://firebase.googleapis.com/v1beta1/projects/awesome-app-376e4 [none]
[debug] [2022-04-25T16:12:57.989Z] <<< [apiv2][status] GET https://firebase.googleapis.com/v1beta1/projects/awesome-app-376e4 401
[debug] [2022-04-25T16:12:57.990Z] <<< [apiv2][body] GET https://firebase.googleapis.com/v1beta1/projects/awesome-app-376e4 {"error":{"code":401,"message":"Request had invalid authentication credentials. Expected OAuth 2 access token, login cookie or other valid authentication credential. See https://developers.google.com/identity/sign-in/web/devconsole-project.","status":"UNAUTHENTICATED"}}
[debug] [2022-04-25T16:12:57.991Z] HTTP Error: 401, Request had invalid authentication credentials. Expected OAuth 2 access token, login cookie or other valid authentication credential. See https://developers.google.com/identity/sign-in/web/devconsole-project.
[debug] [2022-04-25T16:12:58.174Z] FirebaseError: HTTP Error: 401, Request had invalid authentication credentials. Expected OAuth 2 access token, login cookie or other valid authentication credential. See https://developers.google.com/identity/sign-in/web/devconsole-project.
    at module.exports (C:\Users\pritam\AppData\Roaming\npm\node_modules\firebase-tools\lib\responseToError.js:47:12)
    at RetryOperation._fn (C:\Users\pritam\AppData\Roaming\npm\node_modules\firebase-tools\lib\apiv2.js:286:39)
    at processTicksAndRejections (node:internal/process/task_queues:96:5)
[error] 
[error] Error: Failed to get Firebase project awesome-app-376e4. Please make sure the project exists and your account has permission to access it.
